<?xml version="1.0" encoding="UTF-8"?>
<testsuite name="com.in28minutes.junit.helper.ArraysTest" tests="2" skipped="0" failures="0" errors="0" timestamp="2020-12-14T08:06:42" hostname="pujiono" time="0.223">
  <properties/>
  <testcase name="testPerformance" classname="com.in28minutes.junit.helper.ArraysTest" time="0.108"/>
  <testcase name="testPerformance" classname="com.in28minutes.junit.helper.ArraysTest" time="0.069"/>
  <system-out><![CDATA[]]></system-out>
  <system-err><![CDATA[]]></system-err>
</testsuite>
