<?xml version="1.0" encoding="UTF-8"?>
<testsuite name="com.clarity.business.ClientBOTestRefactored" tests="3" skipped="0" failures="0" errors="0" timestamp="2020-12-14T08:06:42" hostname="pujiono" time="0.028">
  <properties/>
  <testcase name="testClientProductSum_NoProducts" classname="com.clarity.business.ClientBOTestRefactored" time="0.004"/>
  <testcase name="testClientProductSum_DifferentCurrencies_ThrowsException" classname="com.clarity.business.ClientBOTestRefactored" time="0.021"/>
  <testcase name="testClientProductSum_AllProductsSameCurrency" classname="com.clarity.business.ClientBOTestRefactored" time="0.001"/>
  <system-out><![CDATA[]]></system-out>
  <system-err><![CDATA[]]></system-err>
</testsuite>
