<?xml version="1.0" encoding="UTF-8"?>
<testsuite name="com.in28minutes.junit.helper.StringHelperParameterizedTest" tests="2" skipped="0" failures="0" errors="0" timestamp="2020-12-14T08:06:42" hostname="pujiono" time="0.002">
  <properties/>
  <testcase name="testTruncateAInFirst2Positions[0]" classname="com.in28minutes.junit.helper.StringHelperParameterizedTest" time="0.0"/>
  <testcase name="testTruncateAInFirst2Positions[1]" classname="com.in28minutes.junit.helper.StringHelperParameterizedTest" time="0.001"/>
  <system-out><![CDATA[]]></system-out>
  <system-err><![CDATA[]]></system-err>
</testsuite>
